# JRE version: OpenJDK Runtime Environment Temurin-17.0.3+7 (17.0.3+7) (build 17.0.3+7)
# Java VM: OpenJDK 64-Bit Server VM Temurin-17.0.3+7 (17.0.3+7, mixed mode, emulated-client, tiered, compressed oops, compressed class ptrs, g1 gc, windows-amd64)
GC Precious Log:
 CPUs: 4 total, 4 available
 Memory: 8082M
 Large Page Support: Disabled
 NUMA Support: Disabled
 Compressed Oops: Enabled (32-bit)
 Heap Region Size: 1M
 Heap Min Capacity: 8M
 Heap Initial Capacity: 128M
 Heap Max Capacity: 2022M
 Pre-touch: Disabled
 Parallel Workers: 4
 Concurrent Workers: 1
 Concurrent Refinement Workers: 4
 Periodic GC: Disabled
Heap:
 garbage-first heap   total 65536K, used 17810K [0x0000000081a00000, 0x0000000100000000)
  region size 1024K, 1 young (1024K), 0 survivors (0K)
 Metaspace       used 44115K, committed 44608K, reserved 1089536K
  class space    used 5908K, committed 6080K, reserved 1048576K
GC Heap History (20 events):
Event: 1713.055 GC heap before
{Heap before GC invocations=195 (full 156):
 garbage-first heap   total 65536K, used 17810K [0x0000000081a00000, 0x0000000100000000)
  region size 1024K, 1 young (1024K), 0 survivors (0K)
 Metaspace       used 44115K, committed 44608K, reserved 1089536K
  class space    used 5908K, committed 6080K, reserved 1048576K
}
Event: 1713.078 GC heap after
{Heap after GC invocations=196 (full 157):
 garbage-first heap   total 65536K, used 17810K [0x0000000081a00000, 0x0000000100000000)
  region size 1024K, 0 young (0K), 0 survivors (0K)
 Metaspace       used 44115K, committed 44608K, reserved 1089536K
  class space    used 5908K, committed 6080K, reserved 1048576K
}
Event: 1723.697 GC heap before
{Heap before GC invocations=196 (full 157):
 garbage-first heap   total 65536K, used 17810K [0x0000000081a00000, 0x0000000100000000)
  region size 1024K, 1 young (1024K), 0 survivors (0K)
 Metaspace       used 44115K, committed 44608K, reserved 1089536K
  class space    used 5908K, committed 6080K, reserved 1048576K
}
Event: 1723.720 GC heap after
{Heap after GC invocations=197 (full 158):
 garbage-first heap   total 65536K, used 17810K [0x0000000081a00000, 0x0000000100000000)
  region size 1024K, 0 young (0K), 0 survivors (0K)
 Metaspace       used 44115K, committed 44608K, reserved 1089536K
  class space    used 5908K, committed 6080K, reserved 1048576K
}
Event: 1734.410 GC heap before
{Heap before GC invocations=197 (full 158):
 garbage-first heap   total 65536K, used 17810K [0x0000000081a00000, 0x0000000100000000)
  region size 1024K, 1 young (1024K), 0 survivors (0K)
 Metaspace       used 44115K, committed 44608K, reserved 1089536K
  class space    used 5908K, committed 6080K, reserved 1048576K
}
Event: 1734.433 GC heap after
{Heap after GC invocations=198 (full 159):
 garbage-first heap   total 65536K, used 17810K [0x0000000081a00000, 0x0000000100000000)
  region size 1024K, 0 young (0K), 0 survivors (0K)
 Metaspace       used 44115K, committed 44608K, reserved 1089536K
  class space    used 5908K, committed 6080K, reserved 1048576K
}
Event: 1745.055 GC heap before
{Heap before GC invocations=198 (full 159):
 garbage-first heap   total 65536K, used 17810K [0x0000000081a00000, 0x0000000100000000)
  region size 1024K, 1 young (1024K), 0 survivors (0K)
 Metaspace       used 44115K, committed 44608K, reserved 1089536K
  class space    used 5908K, committed 6080K, reserved 1048576K
}
Event: 1745.078 GC heap after
{Heap after GC invocations=199 (full 160):
 garbage-first heap   total 65536K, used 17810K [0x0000000081a00000, 0x0000000100000000)
  region size 1024K, 0 young (0K), 0 survivors (0K)
 Metaspace       used 44115K, committed 44608K, reserved 1089536K
  class space    used 5908K, committed 6080K, reserved 1048576K
}
Event: 1755.699 GC heap before
{Heap before GC invocations=199 (full 160):
 garbage-first heap   total 65536K, used 17810K [0x0000000081a00000, 0x0000000100000000)
  region size 1024K, 1 young (1024K), 0 survivors (0K)
 Metaspace       used 44115K, committed 44608K, reserved 1089536K
  class space    used 5908K, committed 6080K, reserved 1048576K
}
Event: 1755.722 GC heap after
{Heap after GC invocations=200 (full 161):
 garbage-first heap   total 65536K, used 17810K [0x0000000081a00000, 0x0000000100000000)
  region size 1024K, 0 young (0K), 0 survivors (0K)
 Metaspace       used 44115K, committed 44608K, reserved 1089536K
  class space    used 5908K, committed 6080K, reserved 1048576K
}
Event: 1766.308 GC heap before
{Heap before GC invocations=200 (full 161):
 garbage-first heap   total 65536K, used 17810K [0x0000000081a00000, 0x0000000100000000)
  region size 1024K, 1 young (1024K), 0 survivors (0K)
 Metaspace       used 44115K, committed 44608K, reserved 1089536K
  class space    used 5908K, committed 6080K, reserved 1048576K
}
Event: 1766.333 GC heap after
{Heap after GC invocations=201 (full 162):
 garbage-first heap   total 65536K, used 17810K [0x0000000081a00000, 0x0000000100000000)
  region size 1024K, 0 young (0K), 0 survivors (0K)
 Metaspace       used 44115K, committed 44608K, reserved 1089536K
  class space    used 5908K, committed 6080K, reserved 1048576K
}
Event: 1776.915 GC heap before
{Heap before GC invocations=201 (full 162):
 garbage-first heap   total 65536K, used 17810K [0x0000000081a00000, 0x0000000100000000)
  region size 1024K, 1 young (1024K), 0 survivors (0K)
 Metaspace       used 44115K, committed 44608K, reserved 1089536K
  class space    used 5908K, committed 6080K, reserved 1048576K
}
Event: 1776.939 GC heap after
{Heap after GC invocations=202 (full 163):
 garbage-first heap   total 65536K, used 17810K [0x0000000081a00000, 0x0000000100000000)
  region size 1024K, 0 young (0K), 0 survivors (0K)
 Metaspace       used 44115K, committed 44608K, reserved 1089536K
  class space    used 5908K, committed 6080K, reserved 1048576K
}
Event: 1787.516 GC heap before
{Heap before GC invocations=202 (full 163):
 garbage-first heap   total 65536K, used 17810K [0x0000000081a00000, 0x0000000100000000)
  region size 1024K, 1 young (1024K), 0 survivors (0K)
 Metaspace       used 44115K, committed 44608K, reserved 1089536K
  class space    used 5908K, committed 6080K, reserved 1048576K
}
Event: 1787.539 GC heap after
{Heap after GC invocations=203 (full 164):
 garbage-first heap   total 65536K, used 17810K [0x0000000081a00000, 0x0000000100000000)
  region size 1024K, 0 young (0K), 0 survivors (0K)
 Metaspace       used 44115K, committed 44608K, reserved 1089536K
  class space    used 5908K, committed 6080K, reserved 1048576K
}
Event: 1798.126 GC heap before
{Heap before GC invocations=203 (full 164):
 garbage-first heap   total 65536K, used 17810K [0x0000000081a00000, 0x0000000100000000)
  region size 1024K, 1 young (1024K), 0 survivors (0K)
 Metaspace       used 44115K, committed 44608K, reserved 1089536K
  class space    used 5908K, committed 6080K, reserved 1048576K
}
Event: 1798.149 GC heap after
{Heap after GC invocations=204 (full 165):
 garbage-first heap   total 65536K, used 17810K [0x0000000081a00000, 0x0000000100000000)
  region size 1024K, 0 young (0K), 0 survivors (0K)
 Metaspace       used 44115K, committed 44608K, reserved 1089536K
  class space    used 5908K, committed 6080K, reserved 1048576K
}
Event: 1808.727 GC heap before
{Heap before GC invocations=204 (full 165):
 garbage-first heap   total 65536K, used 17810K [0x0000000081a00000, 0x0000000100000000)
  region size 1024K, 1 young (1024K), 0 survivors (0K)
 Metaspace       used 44115K, committed 44608K, reserved 1089536K
  class space    used 5908K, committed 6080K, reserved 1048576K
}
Event: 1808.750 GC heap after
{Heap after GC invocations=205 (full 166):
 garbage-first heap   total 65536K, used 17810K [0x0000000081a00000, 0x0000000100000000)
  region size 1024K, 0 young (0K), 0 survivors (0K)
 Metaspace       used 44115K, committed 44608K, reserved 1089536K
  class space    used 5908K, committed 6080K, reserved 1048576K
}

